<?xml version="1.0" encoding="UTF-8"?>
<testsuite xmlns:xsi="http://www.w3.org/2001/XMLSchema-instance" xsi:noNamespaceSchemaLocation="https://maven.apache.org/surefire/maven-surefire-plugin/xsd/surefire-test-report-3.0.xsd" version="3.0" name="com.soappractice.soapimpl.SoapImplApplicationTests" time="1.514" tests="1" errors="0" skipped="0" failures="0">
  <properties>
[...]
</properties>
  <testcase name="contextLoads" classname="com.soappractice.soapimpl.SoapImplApplicationTests" time="0.454">
    <system-out><![CDATA[09:54:57.028 [main] INFO org.springframework.test.context.support.AnnotationConfigContextLoaderUtils -- Could not detect default configuration classes for test class [com.soappractice.soapimpl.SoapImplApplicationTests]: SoapImplApplicationTests does not declare any static, non-private, non-final, nested classes annotated with @Configuration.
09:54:57.078 [main] INFO org.springframework.boot.test.context.SpringBootTestContextBootstrapper -- Found @SpringBootConfiguration com.soappractice.soapimpl.SoapImplApplication for test class com.soappractice.soapimpl.SoapImplApplicationTests
09:54:57.165 [main] INFO org.springframework.boot.devtools.restart.RestartApplicationListener -- Restart disabled due to context in which it is running

  .   ____          _            __ _ _
 /\\ / ___'_ __ _ _(_)_ __  __ _ \ \ \ \
( ( )\___ | '_ | '_| | '_ \/ _` | \ \ \ \
 \\/  ___)| |_)| | | | | || (_| |  ) ) ) )
  '  |____| .__|_| |_|_| |_\__, | / / / /
 =========|_|==============|___/=/_/_/_/

 :: Spring Boot ::                (v3.3.5)

2024-11-19T09:54:57.291+05:45  INFO 15460 --- [soap-impl] [           main] c.s.soapimpl.SoapImplApplicationTests    : Starting SoapImplApplicationTests using Java 17.0.13 with PID 15460 (started by lenovo in /home/lenovo/Desktop/soap_implementation)
2024-11-19T09:54:57.292+05:45  INFO 15460 --- [soap-impl] [           main] c.s.soapimpl.SoapImplApplicationTests    : No active profile set, falling back to 1 default profile: "default"
2024-11-19T09:54:57.660+05:45  WARN 15460 --- [soap-impl] [           main] trationDelegate$BeanPostProcessorChecker : Bean 'webServiceConfig' of type [com.soappractice.soapimpl.config.WebServiceConfig$$SpringCGLIB$$0] is not eligible for getting processed by all BeanPostProcessors (for example: not eligible for auto-proxying). Is this bean getting eagerly injected/applied to a currently created BeanPostProcessor [annotationActionEndpointMapping]? Check the corresponding BeanPostProcessor declaration and its dependencies/advisors. If this bean does not have to be post-processed, declare it with ROLE_INFRASTRUCTURE.
2024-11-19T09:54:57.660+05:45  WARN 15460 --- [soap-impl] [           main] trationDelegate$BeanPostProcessorChecker : Bean 'org.springframework.ws.config.annotation.DelegatingWsConfiguration' of type [org.springframework.ws.config.annotation.DelegatingWsConfiguration$$SpringCGLIB$$0] is not eligible for getting processed by all BeanPostProcessors (for example: not eligible for auto-proxying). The currently created BeanPostProcessor [annotationActionEndpointMapping] is declared through a non-static factory method on that class; consider declaring it as static instead.
2024-11-19T09:54:57.684+05:45  INFO 15460 --- [soap-impl] [           main] .w.s.a.s.AnnotationActionEndpointMapping : Supporting [WS-Addressing August 2004, WS-Addressing 1.0]
2024-11-19T09:54:57.984+05:45  INFO 15460 --- [soap-impl] [           main] c.s.soapimpl.SoapImplApplicationTests    : Started SoapImplApplicationTests in 0.826 seconds (process running for 1.29)
]]></system-out>
  </testcase>
</testsuite>