<?xml version="1.0" encoding="UTF-8"?>
<testsuite xmlns:xsi="http://www.w3.org/2001/XMLSchema-instance" xsi:noNamespaceSchemaLocation="https://maven.apache.org/surefire/maven-surefire-plugin/xsd/surefire-test-report-3.0.xsd" version="3.0" name="com.soappractice.soapimpl.SoapImplApplicationTests" time="2.765" tests="1" errors="0" skipped="0" failures="0">
  <properties>
[...]
</properties>
  <testcase name="contextLoads" classname="com.soappractice.soapimpl.SoapImplApplicationTests" time="0.74">
    <system-out><![CDATA[16:38:43.748 [main] INFO org.springframework.test.context.support.AnnotationConfigContextLoaderUtils -- Could not detect default configuration classes for test class [com.soappractice.soapimpl.SoapImplApplicationTests]: SoapImplApplicationTests does not declare any static, non-private, non-final, nested classes annotated with @Configuration.
16:38:43.849 [main] INFO org.springframework.boot.test.context.SpringBootTestContextBootstrapper -- Found @SpringBootConfiguration com.soappractice.soapimpl.SoapImplApplication for test class com.soappractice.soapimpl.SoapImplApplicationTests
16:38:43.993 [main] INFO org.springframework.boot.devtools.restart.RestartApplicationListener -- Restart disabled due to context in which it is running

  .   ____          _            __ _ _
 /\\ / ___'_ __ _ _(_)_ __  __ _ \ \ \ \
( ( )\___ | '_ | '_| | '_ \/ _` | \ \ \ \
 \\/  ___)| |_)| | | | | || (_| |  ) ) ) )
  '  |____| .__|_| |_|_| |_\__, | / / / /
 =========|_|==============|___/=/_/_/_/

 :: Spring Boot ::                (v3.3.5)

2024-11-18T16:38:44.302+05:45  INFO 60014 --- [soap-impl] [           main] c.s.soapimpl.SoapImplApplicationTests    : Starting SoapImplApplicationTests using Java 17.0.13 with PID 60014 (started by lenovo in /home/lenovo/Desktop/soap_implementation)
2024-11-18T16:38:44.304+05:45  INFO 60014 --- [soap-impl] [           main] c.s.soapimpl.SoapImplApplicationTests    : No active profile set, falling back to 1 default profile: "default"
2024-11-18T16:38:45.551+05:45  INFO 60014 --- [soap-impl] [           main] c.s.soapimpl.SoapImplApplicationTests    : Started SoapImplApplicationTests in 1.57 seconds (process running for 2.593)
]]></system-out>
  </testcase>
</testsuite>